<?xml version="1.0" encoding="UTF-8"?>
<testng-results ignored="0" total="0" passed="0" failed="0" skipped="0">
  <reporter-output>
  </reporter-output>
  <suite started-at="2021-06-05T13:20:06 IST" name="bank.testrunner.RunTest" finished-at="2021-06-05T13:20:06 IST" duration-ms="13">
    <groups>
    </groups>
    <test started-at="2021-06-05T13:20:06 IST" name="Command line test" finished-at="2021-06-05T13:20:06 IST" duration-ms="13">
    </test> <!-- Command line test -->
  </suite> <!-- bank.testrunner.RunTest -->
</testng-results>
